app/build/intermediates/manifest_merge_blame_file/debug/manifest-merger-blame-debug-report.txt
1<?xml version="1.0" encoding="utf-8"?>
2<manifest xmlns:android="http://schemas.android.com/apk/res/android"
3    package="com.screentime.guardian"
4    android:versionCode="1"
5    android:versionName="1.0" >
6
7    <uses-sdk
8        android:minSdkVersion="26"
9        android:targetSdkVersion="34" />
10
11    <!-- 使用情况访问权限 -->
12    <uses-permission android:name="android.permission.PACKAGE_USAGE_STATS" />
12-->src/main/AndroidManifest.xml:6:5-7:47
12-->src/main/AndroidManifest.xml:6:22-75
13
14    <!-- 前台服务权限 -->
15    <uses-permission android:name="android.permission.FOREGROUND_SERVICE" />
15-->src/main/AndroidManifest.xml:10:5-77
15-->src/main/AndroidManifest.xml:10:22-74
16    <uses-permission android:name="android.permission.FOREGROUND_SERVICE_SPECIAL_USE" />
16-->src/main/AndroidManifest.xml:11:5-89
16-->src/main/AndroidManifest.xml:11:22-86
17
18    <!-- 悬浮窗权限 -->
19    <uses-permission android:name="android.permission.SYSTEM_ALERT_WINDOW" />
19-->src/main/AndroidManifest.xml:14:5-78
19-->src/main/AndroidManifest.xml:14:22-75
20
21    <!-- 通知权限 -->
22    <uses-permission android:name="android.permission.POST_NOTIFICATIONS" />
22-->src/main/AndroidManifest.xml:17:5-77
22-->src/main/AndroidManifest.xml:17:22-74
23
24    <!-- 开机启动权限 -->
25    <uses-permission android:name="android.permission.RECEIVE_BOOT_COMPLETED" />
25-->src/main/AndroidManifest.xml:20:5-81
25-->src/main/AndroidManifest.xml:20:22-78
26
27    <!-- 震动权限 -->
28    <uses-permission android:name="android.permission.VIBRATE" />
28-->src/main/AndroidManifest.xml:23:5-66
28-->src/main/AndroidManifest.xml:23:22-63
29
30    <permission
30-->[androidx.core:core:1.9.0] AndroidManifest.xml:22:5-24:47
31        android:name="com.screentime.guardian.DYNAMIC_RECEIVER_NOT_EXPORTED_PERMISSION"
31-->[androidx.core:core:1.9.0] AndroidManifest.xml:23:9-81
32        android:protectionLevel="signature" />
32-->[androidx.core:core:1.9.0] AndroidManifest.xml:24:9-44
33
34    <uses-permission android:name="com.screentime.guardian.DYNAMIC_RECEIVER_NOT_EXPORTED_PERMISSION" />
34-->[androidx.core:core:1.9.0] AndroidManifest.xml:26:5-97
34-->[androidx.core:core:1.9.0] AndroidManifest.xml:26:22-94
35
36    <application
36-->src/main/AndroidManifest.xml:25:5-75:19
37        android:allowBackup="true"
37-->src/main/AndroidManifest.xml:26:9-35
38        android:appComponentFactory="androidx.core.app.CoreComponentFactory"
38-->[androidx.core:core:1.9.0] AndroidManifest.xml:28:18-86
39        android:debuggable="true"
40        android:extractNativeLibs="false"
41        android:icon="@drawable/ic_launcher"
41-->src/main/AndroidManifest.xml:27:9-45
42        android:label="@string/app_name"
42-->src/main/AndroidManifest.xml:28:9-41
43        android:roundIcon="@drawable/ic_launcher_round"
43-->src/main/AndroidManifest.xml:29:9-56
44        android:supportsRtl="true"
44-->src/main/AndroidManifest.xml:30:9-35
45        android:theme="@style/Theme.ScreenTimeGuardian" >
45-->src/main/AndroidManifest.xml:31:9-56
46        <activity
46-->src/main/AndroidManifest.xml:33:9-41:20
47            android:name="com.screentime.guardian.MainActivity"
47-->src/main/AndroidManifest.xml:34:13-41
48            android:exported="true"
48-->src/main/AndroidManifest.xml:35:13-36
49            android:theme="@style/Theme.ScreenTimeGuardian" >
49-->src/main/AndroidManifest.xml:36:13-60
50            <intent-filter>
50-->src/main/AndroidManifest.xml:37:13-40:29
51                <action android:name="android.intent.action.MAIN" />
51-->src/main/AndroidManifest.xml:38:17-69
51-->src/main/AndroidManifest.xml:38:25-66
52
53                <category android:name="android.intent.category.LAUNCHER" />
53-->src/main/AndroidManifest.xml:39:17-77
53-->src/main/AndroidManifest.xml:39:27-74
54            </intent-filter>
55        </activity>
56        <activity
56-->src/main/AndroidManifest.xml:43:9-46:63
57            android:name="com.screentime.guardian.SettingsActivity"
57-->src/main/AndroidManifest.xml:44:13-45
58            android:exported="false"
58-->src/main/AndroidManifest.xml:45:13-37
59            android:theme="@style/Theme.ScreenTimeGuardian" />
59-->src/main/AndroidManifest.xml:46:13-60
60
61        <!-- 使用监控服务 -->
62        <service
62-->src/main/AndroidManifest.xml:49:9-57:19
63            android:name="com.screentime.guardian.service.UsageMonitorService"
63-->src/main/AndroidManifest.xml:50:13-56
64            android:enabled="true"
64-->src/main/AndroidManifest.xml:51:13-35
65            android:exported="false"
65-->src/main/AndroidManifest.xml:52:13-37
66            android:foregroundServiceType="specialUse" >
66-->src/main/AndroidManifest.xml:53:13-55
67            <property
67-->src/main/AndroidManifest.xml:54:13-56:58
68                android:name="android.app.PROPERTY_SPECIAL_USE_FGS_SUBTYPE"
68-->src/main/AndroidManifest.xml:55:17-76
69                android:value="screen_time_monitoring" />
69-->src/main/AndroidManifest.xml:56:17-55
70        </service>
71
72        <!-- 悬浮窗提醒服务 -->
73        <service
73-->src/main/AndroidManifest.xml:60:9-63:40
74            android:name="com.screentime.guardian.service.OverlayService"
74-->src/main/AndroidManifest.xml:61:13-51
75            android:enabled="true"
75-->src/main/AndroidManifest.xml:62:13-35
76            android:exported="false" />
76-->src/main/AndroidManifest.xml:63:13-37
77
78        <!-- 开机自启动广播接收器 -->
79        <receiver
79-->src/main/AndroidManifest.xml:66:9-73:20
80            android:name="com.screentime.guardian.receiver.BootReceiver"
80-->src/main/AndroidManifest.xml:67:13-50
81            android:enabled="true"
81-->src/main/AndroidManifest.xml:68:13-35
82            android:exported="false" >
82-->src/main/AndroidManifest.xml:69:13-37
83            <intent-filter>
83-->src/main/AndroidManifest.xml:70:13-72:29
84                <action android:name="android.intent.action.BOOT_COMPLETED" />
84-->src/main/AndroidManifest.xml:71:17-79
84-->src/main/AndroidManifest.xml:71:25-76
85            </intent-filter>
86        </receiver>
87
88        <provider
88-->[androidx.emoji2:emoji2:1.2.0] AndroidManifest.xml:24:9-32:20
89            android:name="androidx.startup.InitializationProvider"
89-->[androidx.emoji2:emoji2:1.2.0] AndroidManifest.xml:25:13-67
90            android:authorities="com.screentime.guardian.androidx-startup"
90-->[androidx.emoji2:emoji2:1.2.0] AndroidManifest.xml:26:13-68
91            android:exported="false" >
91-->[androidx.emoji2:emoji2:1.2.0] AndroidManifest.xml:27:13-37
92            <meta-data
92-->[androidx.emoji2:emoji2:1.2.0] AndroidManifest.xml:29:13-31:52
93                android:name="androidx.emoji2.text.EmojiCompatInitializer"
93-->[androidx.emoji2:emoji2:1.2.0] AndroidManifest.xml:30:17-75
94                android:value="androidx.startup" />
94-->[androidx.emoji2:emoji2:1.2.0] AndroidManifest.xml:31:17-49
95            <meta-data
95-->[androidx.lifecycle:lifecycle-process:2.6.1] AndroidManifest.xml:29:13-31:52
96                android:name="androidx.lifecycle.ProcessLifecycleInitializer"
96-->[androidx.lifecycle:lifecycle-process:2.6.1] AndroidManifest.xml:30:17-78
97                android:value="androidx.startup" />
97-->[androidx.lifecycle:lifecycle-process:2.6.1] AndroidManifest.xml:31:17-49
98            <meta-data
98-->[androidx.profileinstaller:profileinstaller:1.3.0] AndroidManifest.xml:29:13-31:52
99                android:name="androidx.profileinstaller.ProfileInstallerInitializer"
99-->[androidx.profileinstaller:profileinstaller:1.3.0] AndroidManifest.xml:30:17-85
100                android:value="androidx.startup" />
100-->[androidx.profileinstaller:profileinstaller:1.3.0] AndroidManifest.xml:31:17-49
101        </provider>
102
103        <uses-library
103-->[androidx.window:window:1.0.0] AndroidManifest.xml:25:9-27:40
104            android:name="androidx.window.extensions"
104-->[androidx.window:window:1.0.0] AndroidManifest.xml:26:13-54
105            android:required="false" />
105-->[androidx.window:window:1.0.0] AndroidManifest.xml:27:13-37
106        <uses-library
106-->[androidx.window:window:1.0.0] AndroidManifest.xml:28:9-30:40
107            android:name="androidx.window.sidecar"
107-->[androidx.window:window:1.0.0] AndroidManifest.xml:29:13-51
108            android:required="false" />
108-->[androidx.window:window:1.0.0] AndroidManifest.xml:30:13-37
109
110        <receiver
110-->[androidx.profileinstaller:profileinstaller:1.3.0] AndroidManifest.xml:34:9-52:20
111            android:name="androidx.profileinstaller.ProfileInstallReceiver"
111-->[androidx.profileinstaller:profileinstaller:1.3.0] AndroidManifest.xml:35:13-76
112            android:directBootAware="false"
112-->[androidx.profileinstaller:profileinstaller:1.3.0] AndroidManifest.xml:36:13-44
113            android:enabled="true"
113-->[androidx.profileinstaller:profileinstaller:1.3.0] AndroidManifest.xml:37:13-35
114            android:exported="true"
114-->[androidx.profileinstaller:profileinstaller:1.3.0] AndroidManifest.xml:38:13-36
115            android:permission="android.permission.DUMP" >
115-->[androidx.profileinstaller:profileinstaller:1.3.0] AndroidManifest.xml:39:13-57
116            <intent-filter>
116-->[androidx.profileinstaller:profileinstaller:1.3.0] AndroidManifest.xml:40:13-42:29
117                <action android:name="androidx.profileinstaller.action.INSTALL_PROFILE" />
117-->[androidx.profileinstaller:profileinstaller:1.3.0] AndroidManifest.xml:41:17-91
117-->[androidx.profileinstaller:profileinstaller:1.3.0] AndroidManifest.xml:41:25-88
118            </intent-filter>
119            <intent-filter>
119-->[androidx.profileinstaller:profileinstaller:1.3.0] AndroidManifest.xml:43:13-45:29
120                <action android:name="androidx.profileinstaller.action.SKIP_FILE" />
120-->[androidx.profileinstaller:profileinstaller:1.3.0] AndroidManifest.xml:44:17-85
120-->[androidx.profileinstaller:profileinstaller:1.3.0] AndroidManifest.xml:44:25-82
121            </intent-filter>
122            <intent-filter>
122-->[androidx.profileinstaller:profileinstaller:1.3.0] AndroidManifest.xml:46:13-48:29
123                <action android:name="androidx.profileinstaller.action.SAVE_PROFILE" />
123-->[androidx.profileinstaller:profileinstaller:1.3.0] AndroidManifest.xml:47:17-88
123-->[androidx.profileinstaller:profileinstaller:1.3.0] AndroidManifest.xml:47:25-85
124            </intent-filter>
125            <intent-filter>
125-->[androidx.profileinstaller:profileinstaller:1.3.0] AndroidManifest.xml:49:13-51:29
126                <action android:name="androidx.profileinstaller.action.BENCHMARK_OPERATION" />
126-->[androidx.profileinstaller:profileinstaller:1.3.0] AndroidManifest.xml:50:17-95
126-->[androidx.profileinstaller:profileinstaller:1.3.0] AndroidManifest.xml:50:25-92
127            </intent-filter>
128        </receiver>
129    </application>
130
131</manifest>